  Course test.cpp
C:\Users\ronghui zhang\source\repos\课程编制\课程编制\Course test.cpp(43,2): error C2065: “e”: 未声明的标识符
C:\Users\ronghui zhang\source\repos\课程编制\课程编制\Course test.cpp(47,9): warning C4553: “==”: 未使用表达式结果；是否打算使用“=”?
C:\Users\ronghui zhang\source\repos\课程编制\课程编制\Course test.cpp(170,24): error C2664: “Status EnQueue_LQ(LQueue &,ElemType &)”: 无法将参数 2 从“int”转换为“ElemType &”
      C:\Users\ronghui zhang\source\repos\课程编制\课程编制\Course test.cpp(25,8):
      参见“EnQueue_LQ”的声明
      C:\Users\ronghui zhang\source\repos\课程编制\课程编制\Course test.cpp(170,24):
      尝试匹配参数列表“(LQueue, int)”时
  
C:\Users\ronghui zhang\source\repos\课程编制\课程编制\Course test.cpp(171,9): error C2665: “DeQueue_LQ”: 没有重载函数可以转换所有参数类型
      C:\Users\ronghui zhang\source\repos\课程编制\课程编制\Course test.cpp(36,8):
      可能是“Status DeQueue_LQ(LQueue &,char *)”
          C:\Users\ronghui zhang\source\repos\课程编制\课程编制\Course test.cpp(171,9):
          “Status DeQueue_LQ(LQueue &,char *)”: 无法将参数 2 从“int”转换为“char *”
              C:\Users\ronghui zhang\source\repos\课程编制\课程编制\Course test.cpp(171,23):
              从整型类型转换为指针类型需要 reinterpret_cast、C 样式转换或带圆括号的函数样式强制转换
      C:\Users\ronghui zhang\source\repos\课程编制\课程编制\Course.h(57,9):
      或    “Status DeQueue_LQ(LQueue &,ElemType &)”
          C:\Users\ronghui zhang\source\repos\课程编制\课程编制\Course test.cpp(171,9):
          “Status DeQueue_LQ(LQueue &,ElemType &)”: 无法将参数 2 从“int”转换为“ElemType &”
      C:\Users\ronghui zhang\source\repos\课程编制\课程编制\Course test.cpp(171,9):
      尝试匹配参数列表“(LQueue, int)”时
  
C:\Users\ronghui zhang\source\repos\课程编制\课程编制\Course test.cpp(175,29): error C2664: “Status EnQueue_LQ(LQueue &,ElemType &)”: 无法将参数 2 从“int”转换为“ElemType &”
      C:\Users\ronghui zhang\source\repos\课程编制\课程编制\Course test.cpp(25,8):
      参见“EnQueue_LQ”的声明
      C:\Users\ronghui zhang\source\repos\课程编制\课程编制\Course test.cpp(175,29):
      尝试匹配参数列表“(LQueue, int)”时
  
  Course.h
  ls.cpp
C:\Users\ronghui zhang\source\repos\课程编制\课程编制\Course.h(24,17): error C2011: “AdjVexNode”:“struct”类型重定义
  正在生成代码...
  (编译源文件“ls.cpp”)
      C:\Users\ronghui zhang\source\repos\课程编制\课程编制\ls.cpp(12,16):
      参见“AdjVexNode”的声明
  
C:\Users\ronghui zhang\source\repos\课程编制\课程编制\Course.h(30,17): error C2011: “VexNode”:“struct”类型重定义
  (编译源文件“ls.cpp”)
      C:\Users\ronghui zhang\source\repos\课程编制\课程编制\ls.cpp(17,16):
      参见“VexNode”的声明
  
C:\Users\ronghui zhang\source\repos\课程编制\课程编制\Course.h(42,2): error C2371: “ALGraph”: 重定义；不同的基类型
  (编译源文件“ls.cpp”)
      C:\Users\ronghui zhang\source\repos\课程编制\课程编制\ls.cpp(27,2):
      参见“ALGraph”的声明
  
C:\Users\ronghui zhang\source\repos\课程编制\课程编制\Course.h(44,17): error C2011: “LQNode”:“struct”类型重定义
  (编译源文件“ls.cpp”)
      C:\Users\ronghui zhang\source\repos\课程编制\课程编制\ls.cpp(29,16):
      参见“LQNode”的声明
  
C:\Users\ronghui zhang\source\repos\课程编制\课程编制\Course.h(52,4): error C2371: “LQueue”: 重定义；不同的基类型
  (编译源文件“ls.cpp”)
      C:\Users\ronghui zhang\source\repos\课程编制\课程编制\ls.cpp(37,3):
      参见“LQueue”的声明
  
C:\Users\ronghui zhang\source\repos\课程编制\课程编制\ls.cpp(51,27): error C2027: 使用了未定义类型“VexNode”
      C:\Users\ronghui zhang\source\repos\课程编制\课程编制\ls.cpp(17,16):
      参见“VexNode”的声明
  
C:\Users\ronghui zhang\source\repos\课程编制\课程编制\ls.cpp(65,6): error C2027: 使用了未定义类型“LQNode”
      C:\Users\ronghui zhang\source\repos\课程编制\课程编制\ls.cpp(29,16):
      参见“LQNode”的声明
  
C:\Users\ronghui zhang\source\repos\课程编制\课程编制\ls.cpp(77,9): error C2027: 使用了未定义类型“LQNode”
      C:\Users\ronghui zhang\source\repos\课程编制\课程编制\ls.cpp(29,16):
      参见“LQNode”的声明
  
C:\Users\ronghui zhang\source\repos\课程编制\课程编制\ls.cpp(79,5): error C2027: 使用了未定义类型“LQNode”
      C:\Users\ronghui zhang\source\repos\课程编制\课程编制\ls.cpp(29,16):
      参见“LQNode”的声明
  
C:\Users\ronghui zhang\source\repos\课程编制\课程编制\ls.cpp(79,16): error C2027: 使用了未定义类型“LQNode”
      C:\Users\ronghui zhang\source\repos\课程编制\课程编制\ls.cpp(29,16):
      参见“LQNode”的声明
  
C:\Users\ronghui zhang\source\repos\课程编制\课程编制\ls.cpp(80,6): error C2027: 使用了未定义类型“LQNode”
      C:\Users\ronghui zhang\source\repos\课程编制\课程编制\ls.cpp(29,16):
      参见“LQNode”的声明
  
C:\Users\ronghui zhang\source\repos\课程编制\课程编制\ls.cpp(90,18): error C2027: 使用了未定义类型“LQNode”
      C:\Users\ronghui zhang\source\repos\课程编制\课程编制\ls.cpp(29,16):
      参见“LQNode”的声明
  
C:\Users\ronghui zhang\source\repos\课程编制\课程编制\ls.cpp(92,16): error C2027: 使用了未定义类型“LQNode”
      C:\Users\ronghui zhang\source\repos\课程编制\课程编制\ls.cpp(29,16):
      参见“LQNode”的声明
  
C:\Users\ronghui zhang\source\repos\课程编制\课程编制\ls.cpp(94,6): error C2027: 使用了未定义类型“LQNode”
      C:\Users\ronghui zhang\source\repos\课程编制\课程编制\ls.cpp(29,16):
      参见“LQNode”的声明
  
C:\Users\ronghui zhang\source\repos\课程编制\课程编制\ls.cpp(94,22): error C2027: 使用了未定义类型“LQNode”
      C:\Users\ronghui zhang\source\repos\课程编制\课程编制\ls.cpp(29,16):
      参见“LQNode”的声明
  
C:\Users\ronghui zhang\source\repos\课程编制\课程编制\ls.cpp(111,33): error C2027: 使用了未定义类型“VexNode”
      C:\Users\ronghui zhang\source\repos\课程编制\课程编制\ls.cpp(17,16):
      参见“VexNode”的声明
  
C:\Users\ronghui zhang\source\repos\课程编制\课程编制\ls.cpp(113,17): error C2027: 使用了未定义类型“AdjVexNode”
      C:\Users\ronghui zhang\source\repos\课程编制\课程编制\ls.cpp(12,16):
      参见“AdjVexNode”的声明
  
C:\Users\ronghui zhang\source\repos\课程编制\课程编制\ls.cpp(113,46): error C2027: 使用了未定义类型“AdjVexNode”
      C:\Users\ronghui zhang\source\repos\课程编制\课程编制\ls.cpp(12,16):
      参见“AdjVexNode”的声明
  
C:\Users\ronghui zhang\source\repos\课程编制\课程编制\ls.cpp(113,75): error C2027: 使用了未定义类型“AdjVexNode”
      C:\Users\ronghui zhang\source\repos\课程编制\课程编制\ls.cpp(12,16):
      参见“AdjVexNode”的声明
  
C:\Users\ronghui zhang\source\repos\课程编制\课程编制\ls.cpp(116,17): error C2027: 使用了未定义类型“AdjVexNode”
      C:\Users\ronghui zhang\source\repos\课程编制\课程编制\ls.cpp(12,16):
      参见“AdjVexNode”的声明
  
C:\Users\ronghui zhang\source\repos\课程编制\课程编制\ls.cpp(135,24): error C2027: 使用了未定义类型“VexNode”
      C:\Users\ronghui zhang\source\repos\课程编制\课程编制\ls.cpp(17,16):
      参见“VexNode”的声明
  
C:\Users\ronghui zhang\source\repos\课程编制\课程编制\ls.cpp(135,50): error C2027: 使用了未定义类型“VexNode”
      C:\Users\ronghui zhang\source\repos\课程编制\课程编制\ls.cpp(17,16):
      参见“VexNode”的声明
  
C:\Users\ronghui zhang\source\repos\课程编制\课程编制\ls.cpp(135,9): error C2660: “memset”: 函数不接受 2 个参数
      D:\Program Files\Microsoft Visual Studio\2022\Community\VC\Tools\MSVC\14.42.34433\include\vcruntime_string.h(63,15):
      参见“memset”的声明
      C:\Users\ronghui zhang\source\repos\课程编制\课程编制\ls.cpp(135,9):
      尝试匹配参数列表“()”时
  
C:\Users\ronghui zhang\source\repos\课程编制\课程编制\ls.cpp(136,17): error C2027: 使用了未定义类型“VexNode”
      C:\Users\ronghui zhang\source\repos\课程编制\课程编制\ls.cpp(17,16):
      参见“VexNode”的声明
  
C:\Users\ronghui zhang\source\repos\课程编制\课程编制\ls.cpp(137,17): error C2027: 使用了未定义类型“VexNode”
      C:\Users\ronghui zhang\source\repos\课程编制\课程编制\ls.cpp(17,16):
      参见“VexNode”的声明
  
C:\Users\ronghui zhang\source\repos\课程编制\课程编制\ls.cpp(155,21): error C2027: 使用了未定义类型“VexNode”
      C:\Users\ronghui zhang\source\repos\课程编制\课程编制\ls.cpp(17,16):
      参见“VexNode”的声明
  
C:\Users\ronghui zhang\source\repos\课程编制\课程编制\ls.cpp(157,17): error C2027: 使用了未定义类型“VexNode”
      C:\Users\ronghui zhang\source\repos\课程编制\课程编制\ls.cpp(17,16):
      参见“VexNode”的声明
  
C:\Users\ronghui zhang\source\repos\课程编制\课程编制\ls.cpp(163,31): error C2027: 使用了未定义类型“VexNode”
      C:\Users\ronghui zhang\source\repos\课程编制\课程编制\ls.cpp(17,16):
      参见“VexNode”的声明
  
C:\Users\ronghui zhang\source\repos\课程编制\课程编制\ls.cpp(163,16): warning C4473: “printf”: 没有为格式字符串传递足够的参数
      C:\Users\ronghui zhang\source\repos\课程编制\课程编制\ls.cpp(163,16):
      占位符和其参数预计 1 可变参数，但提供的却是 0 参数
      C:\Users\ronghui zhang\source\repos\课程编制\课程编制\ls.cpp(163,16):
      缺失的可变参数 1 为格式字符串“%s”所需
  
C:\Users\ronghui zhang\source\repos\课程编制\课程编制\ls.cpp(164,32): error C2027: 使用了未定义类型“VexNode”
      C:\Users\ronghui zhang\source\repos\课程编制\课程编制\ls.cpp(17,16):
      参见“VexNode”的声明
  
C:\Users\ronghui zhang\source\repos\课程编制\课程编制\ls.cpp(164,17): warning C4473: “scanf_s”: 没有为格式字符串传递足够的参数
      C:\Users\ronghui zhang\source\repos\课程编制\课程编制\ls.cpp(164,17):
      占位符和其参数预计 1 可变参数，但提供的却是 0 参数
      C:\Users\ronghui zhang\source\repos\课程编制\课程编制\ls.cpp(164,17):
      缺失的可变参数 1 为格式字符串“%d”所需
  
C:\Users\ronghui zhang\source\repos\课程编制\课程编制\ls.cpp(166,17): error C2027: 使用了未定义类型“VexNode”
      C:\Users\ronghui zhang\source\repos\课程编制\课程编制\ls.cpp(17,16):
      参见“VexNode”的声明
  
C:\Users\ronghui zhang\source\repos\课程编制\课程编制\ls.cpp(172,31): error C2027: 使用了未定义类型“VexNode”
      C:\Users\ronghui zhang\source\repos\课程编制\课程编制\ls.cpp(17,16):
      参见“VexNode”的声明
  
C:\Users\ronghui zhang\source\repos\课程编制\课程编制\ls.cpp(172,16): warning C4473: “printf”: 没有为格式字符串传递足够的参数
      C:\Users\ronghui zhang\source\repos\课程编制\课程编制\ls.cpp(172,16):
      占位符和其参数预计 1 可变参数，但提供的却是 0 参数
      C:\Users\ronghui zhang\source\repos\课程编制\课程编制\ls.cpp(172,16):
      缺失的可变参数 1 为格式字符串“%s”所需
  
C:\Users\ronghui zhang\source\repos\课程编制\课程编制\ls.cpp(188,21): error C2027: 使用了未定义类型“AdjVexNode”
      C:\Users\ronghui zhang\source\repos\课程编制\课程编制\ls.cpp(12,16):
      参见“AdjVexNode”的声明
  
C:\Users\ronghui zhang\source\repos\课程编制\课程编制\ls.cpp(188,44): error C2027: 使用了未定义类型“VexNode”
      C:\Users\ronghui zhang\source\repos\课程编制\课程编制\ls.cpp(17,16):
      参见“VexNode”的声明
  
C:\Users\ronghui zhang\source\repos\课程编制\课程编制\ls.cpp(190,17): error C2027: 使用了未定义类型“AdjVexNode”
      C:\Users\ronghui zhang\source\repos\课程编制\课程编制\ls.cpp(12,16):
      参见“AdjVexNode”的声明
  
C:\Users\ronghui zhang\source\repos\课程编制\课程编制\ls.cpp(192,13): error C2027: 使用了未定义类型“AdjVexNode”
      C:\Users\ronghui zhang\source\repos\课程编制\课程编制\ls.cpp(12,16):
      参见“AdjVexNode”的声明
  
C:\Users\ronghui zhang\source\repos\课程编制\课程编制\ls.cpp(194,25): error C2027: 使用了未定义类型“VexNode”
      C:\Users\ronghui zhang\source\repos\课程编制\课程编制\ls.cpp(17,16):
      参见“VexNode”的声明
  
C:\Users\ronghui zhang\source\repos\课程编制\课程编制\ls.cpp(196,25): error C2027: 使用了未定义类型“VexNode”
      C:\Users\ronghui zhang\source\repos\课程编制\课程编制\ls.cpp(17,16):
      参见“VexNode”的声明
  
C:\Users\ronghui zhang\source\repos\课程编制\课程编制\ls.cpp(199,17): error C2027: 使用了未定义类型“AdjVexNode”
      C:\Users\ronghui zhang\source\repos\课程编制\课程编制\ls.cpp(12,16):
      参见“AdjVexNode”的声明
  
C:\Users\ronghui zhang\source\repos\课程编制\课程编制\ls.cpp(199,35): error C2027: 使用了未定义类型“VexNode”
      C:\Users\ronghui zhang\source\repos\课程编制\课程编制\ls.cpp(17,16):
      参见“VexNode”的声明
  
C:\Users\ronghui zhang\source\repos\课程编制\课程编制\ls.cpp(200,25): error C2027: 使用了未定义类型“VexNode”
      C:\Users\ronghui zhang\source\repos\课程编制\课程编制\ls.cpp(17,16):
      参见“VexNode”的声明
  
C:\Users\ronghui zhang\source\repos\课程编制\课程编制\ls.cpp(237,47): error C2027: 使用了未定义类型“VexNode”
      C:\Users\ronghui zhang\source\repos\课程编制\课程编制\ls.cpp(17,16):
      参见“VexNode”的声明
  
C:\Users\ronghui zhang\source\repos\课程编制\课程编制\ls.cpp(237,23): error C2660: “FindIndegree”: 函数不接受 1 个参数
      C:\Users\ronghui zhang\source\repos\课程编制\课程编制\ls.cpp(108,5):
      参见“FindIndegree”的声明
      C:\Users\ronghui zhang\source\repos\课程编制\课程编制\ls.cpp(237,23):
      尝试匹配参数列表“(ALGraph)”时
  
C:\Users\ronghui zhang\source\repos\课程编制\课程编制\ls.cpp(239,33): error C2027: 使用了未定义类型“VexNode”
      C:\Users\ronghui zhang\source\repos\课程编制\课程编制\ls.cpp(17,16):
      参见“VexNode”的声明
  
C:\Users\ronghui zhang\source\repos\课程编制\课程编制\ls.cpp(239,13): error C2660: “EnQueue”: 函数不接受 1 个参数
      C:\Users\ronghui zhang\source\repos\课程编制\课程编制\ls.cpp(70,8):
      参见“EnQueue”的声明
      C:\Users\ronghui zhang\source\repos\课程编制\课程编制\ls.cpp(239,13):
      尝试匹配参数列表“(LQueue *)”时
  
C:\Users\ronghui zhang\source\repos\课程编制\课程编制\ls.cpp(253,25): error C2027: 使用了未定义类型“VexNode”
      C:\Users\ronghui zhang\source\repos\课程编制\课程编制\ls.cpp(17,16):
      参见“VexNode”的声明
  
C:\Users\ronghui zhang\source\repos\课程编制\课程编制\ls.cpp(253,57): error C2027: 使用了未定义类型“VexNode”
      C:\Users\ronghui zhang\source\repos\课程编制\课程编制\ls.cpp(17,16):
      参见“VexNode”的声明
  
C:\Users\ronghui zhang\source\repos\课程编制\课程编制\ls.cpp(253,89): error C2027: 使用了未定义类型“VexNode”
      C:\Users\ronghui zhang\source\repos\课程编制\课程编制\ls.cpp(17,16):
      参见“VexNode”的声明
  
C:\Users\ronghui zhang\source\repos\课程编制\课程编制\ls.cpp(254,41): error C2027: 使用了未定义类型“VexNode”
      C:\Users\ronghui zhang\source\repos\课程编制\课程编制\ls.cpp(17,16):
      参见“VexNode”的声明
  
C:\Users\ronghui zhang\source\repos\课程编制\课程编制\ls.cpp(258,40): error C2027: 使用了未定义类型“AdjVexNode”
      C:\Users\ronghui zhang\source\repos\课程编制\课程编制\ls.cpp(12,16):
      参见“AdjVexNode”的声明
  
C:\Users\ronghui zhang\source\repos\课程编制\课程编制\ls.cpp(264,25): error C2027: 使用了未定义类型“AdjVexNode”
      C:\Users\ronghui zhang\source\repos\课程编制\课程编制\ls.cpp(12,16):
      参见“AdjVexNode”的声明
  
